<?xml version="1.0" encoding="UTF-8"?>
<!-- Generated by org.testng.reporters.JUnitReportReporter -->
<testsuite hostname="nsdlpbnb435" failures="0" tests="1" name="test_Pack.TestClass_IMPS_1C" time="210.172" errors="0" timestamp="2025-03-13T11:01:49 IST" skipped="0">
  <testcase classname="test_Pack.TestClass_IMPS_1C" name="impsFlowUptoSelectCycleName" time="210.172"/>
  <system-out/>
</testsuite> <!-- test_Pack.TestClass_IMPS_1C -->
