<?xml version="1.0" encoding="UTF-8"?>
<!-- Generated by org.testng.reporters.JUnitReportReporter -->
<testsuite hostname="nsdlpbnb435" failures="0" tests="1" name="test_Pack.test" time="0.008" errors="0" timestamp="2025-06-05T14:11:27 IST" skipped="0">
  <testcase classname="test_Pack.test" name="aepsFileDownload" time="0.008"/>
  <system-out/>
</testsuite> <!-- test_Pack.test -->
