<?xml version="1.0" encoding="UTF-8"?>
<!-- Generated by org.testng.reporters.JUnitReportReporter -->
<testsuite hostname="nsdlpbnb435" failures="0" tests="1" name="test_Pack.test" time="0.007" errors="0" timestamp="2025-06-05T13:47:17 IST" skipped="0">
  <testcase classname="test_Pack.test" name="aepsFileDownload" time="0.007"/>
  <system-out/>
</testsuite> <!-- test_Pack.test -->
